<?xml version="1.0" encoding="UTF-8"?>
<!-- Generated by org.testng.reporters.JUnitXMLReporter -->
<testsuite ignored="1" hostname="DESKTOP-O9J57UV" failures="0" tests="2" name="chromeTest" time="6.706" errors="0" timestamp="2022-02-05T13:59:54 IST">
  <testcase classname="TestNG.VerifyFacebookHeader2" name="@BeforeTest launchBrowser" time="6.5">
    <failure type="org.openqa.selenium.SessionNotCreatedException" message="session not created: This version of ChromeDriver only supports Chrome version 96
Current browser version is 98.0.4758.82 with binary path C:\Program Files\Google\Chrome\Application\chrome.exe
Build info: version: &amp;apos;3.141.59&amp;apos;, revision: &amp;apos;e82be7d358&amp;apos;, time: &amp;apos;2018-11-14T08:17:03&amp;apos;
System info: host: &amp;apos;DESKTOP-O9J57UV&amp;apos;, ip: &amp;apos;192.168.43.254&amp;apos;, os.name: &amp;apos;Windows 10&amp;apos;, os.arch: &amp;apos;amd64&amp;apos;, os.version: &amp;apos;10.0&amp;apos;, java.version: &amp;apos;17&amp;apos;
Driver info: driver.version: ChromeDriver
remote stacktrace: Backtrace:
	Ordinal0 [0x00E16903+2517251]
	Ordinal0 [0x00DAF8E1+2095329]
	Ordinal0 [0x00CB2848+1058888]
	Ordinal0 [0x00CD0B9D+1182621]
	Ordinal0 [0x00CCCA60+1165920]
	Ordinal0 [0x00CCA2CF+1155791]
	Ordinal0 [0x00CFAAAF+1354415]
	Ordinal0 [0x00CFA71A+1353498]
	Ordinal0 [0x00CF639B+1336219]
	Ordinal0 [0x00CD27A7+1189799]
	Ordinal0 [0x00CD3609+1193481]
	GetHandleVerifier [0x00FA5904+1577972]
	GetHandleVerifier [0x01050B97+2279047]
	GetHandleVerifier [0x00EA6D09+534521]
	GetHandleVerifier [0x00EA5DB9+530601]
	Ordinal0 [0x00DB4FF9+2117625]
	Ordinal0 [0x00DB98A8+2136232]
	Ordinal0 [0x00DB99E2+2136546]
	Ordinal0 [0x00DC3541+2176321]
	BaseThreadInitThunk [0x75E0FA29+25]
	RtlGetAppContainerNamedObjectPath [0x77BF7A9E+286]
	RtlGetAppContainerNamedObjectPath [0x77BF7A6E+238]
">
      <![CDATA[org.openqa.selenium.SessionNotCreatedException: session not created: This version of ChromeDriver only supports Chrome version 96
Current browser version is 98.0.4758.82 with binary path C:\Program Files\Google\Chrome\Application\chrome.exe
Build info: version: '3.141.59', revision: 'e82be7d358', time: '2018-11-14T08:17:03'
System info: host: 'DESKTOP-O9J57UV', ip: '192.168.43.254', os.name: 'Windows 10', os.arch: 'amd64', os.version: '10.0', java.version: '17'
Driver info: driver.version: ChromeDriver
remote stacktrace: Backtrace:
Ordinal0 [0x00E16903+2517251]
Ordinal0 [0x00DAF8E1+2095329]
Ordinal0 [0x00CB2848+1058888]
Ordinal0 [0x00CD0B9D+1182621]
Ordinal0 [0x00CCCA60+1165920]
Ordinal0 [0x00CCA2CF+1155791]
Ordinal0 [0x00CFAAAF+1354415]
Ordinal0 [0x00CFA71A+1353498]
Ordinal0 [0x00CF639B+1336219]
Ordinal0 [0x00CD27A7+1189799]
Ordinal0 [0x00CD3609+1193481]
GetHandleVerifier [0x00FA5904+1577972]
GetHandleVerifier [0x01050B97+2279047]
GetHandleVerifier [0x00EA6D09+534521]
GetHandleVerifier [0x00EA5DB9+530601]
Ordinal0 [0x00DB4FF9+2117625]
Ordinal0 [0x00DB98A8+2136232]
Ordinal0 [0x00DB99E2+2136546]
Ordinal0 [0x00DC3541+2176321]
BaseThreadInitThunk [0x75E0FA29+25]
RtlGetAppContainerNamedObjectPath [0x77BF7A9E+286]
RtlGetAppContainerNamedObjectPath [0x77BF7A6E+238]

at org.openqa.selenium.remote.W3CHandshakeResponse.lambda$errorHandler$0(W3CHandshakeResponse.java:62)
at org.openqa.selenium.remote.HandshakeResponse.lambda$getResponseFunction$0(HandshakeResponse.java:30)
at org.openqa.selenium.remote.ProtocolHandshake.lambda$createSession$0(ProtocolHandshake.java:126)
at java.base/java.util.stream.ReferencePipeline$3$1.accept(ReferencePipeline.java:197)
at java.base/java.util.Spliterators$ArraySpliterator.tryAdvance(Spliterators.java:1002)
at java.base/java.util.stream.ReferencePipeline.forEachWithCancel(ReferencePipeline.java:129)
at java.base/java.util.stream.AbstractPipeline.copyIntoWithCancel(AbstractPipeline.java:527)
at java.base/java.util.stream.AbstractPipeline.copyInto(AbstractPipeline.java:513)
at java.base/java.util.stream.AbstractPipeline.wrapAndCopyInto(AbstractPipeline.java:499)
at java.base/java.util.stream.FindOps$FindOp.evaluateSequential(FindOps.java:150)
at java.base/java.util.stream.AbstractPipeline.evaluate(AbstractPipeline.java:234)
at java.base/java.util.stream.ReferencePipeline.findFirst(ReferencePipeline.java:647)
at org.openqa.selenium.remote.ProtocolHandshake.createSession(ProtocolHandshake.java:128)
at org.openqa.selenium.remote.ProtocolHandshake.createSession(ProtocolHandshake.java:74)
at org.openqa.selenium.remote.HttpCommandExecutor.execute(HttpCommandExecutor.java:136)
at org.openqa.selenium.remote.service.DriverCommandExecutor.execute(DriverCommandExecutor.java:83)
at org.openqa.selenium.remote.RemoteWebDriver.execute(RemoteWebDriver.java:552)
at org.openqa.selenium.remote.RemoteWebDriver.startSession(RemoteWebDriver.java:213)
at org.openqa.selenium.remote.RemoteWebDriver.<init>(RemoteWebDriver.java:131)
at org.openqa.selenium.chrome.ChromeDriver.<init>(ChromeDriver.java:181)
at org.openqa.selenium.chrome.ChromeDriver.<init>(ChromeDriver.java:168)
at org.openqa.selenium.chrome.ChromeDriver.<init>(ChromeDriver.java:123)
at base.Base.openChromeBrowser(Base.java:12)
at TestNG.VerifyFacebookHeader2.launchBrowser(VerifyFacebookHeader2.java:48)
at java.base/java.util.concurrent.FutureTask.run(FutureTask.java:264)
at java.base/java.util.concurrent.ThreadPoolExecutor.runWorker(ThreadPoolExecutor.java:1136)
at java.base/java.util.concurrent.ThreadPoolExecutor$Worker.run(ThreadPoolExecutor.java:635)
at java.base/java.lang.Thread.run(Thread.java:833)
... Removed 20 stack frames]]>
    </failure>
  </testcase> <!-- @BeforeTest launchBrowser -->
  <testcase classname="TestNG.VerifyFacebookHeader2" name="@BeforeClass pomclass" time="0.0">
    <skipped/>
  </testcase> <!-- @BeforeClass pomclass -->
  <testcase classname="TestNG.VerifyFacebookHeader2" name="@BeforeMethod loginFacebook" time="0.0">
    <skipped/>
  </testcase> <!-- @BeforeMethod loginFacebook -->
  <testcase classname="TestNG.VerifyFacebookHeader2" name="@AfterMethod logoutFacebook" time="0.0">
    <skipped/>
  </testcase> <!-- @AfterMethod logoutFacebook -->
  <testcase classname="TestNG.VerifyFacebookHeader2" name="@BeforeMethod loginFacebook" time="0.0">
    <skipped/>
  </testcase> <!-- @BeforeMethod loginFacebook -->
  <testcase classname="TestNG.VerifyFacebookHeader2" name="@AfterMethod logoutFacebook" time="0.0">
    <skipped/>
  </testcase> <!-- @AfterMethod logoutFacebook -->
  <testcase classname="TestNG.VerifyFacebookHeader2" name="@AfterClass clearObject" time="0.0">
    <skipped/>
  </testcase> <!-- @AfterClass clearObject -->
  <testcase classname="TestNG.VerifyFacebookHeader2" name="@AfterTest closedBrowser" time="0.0">
    <skipped/>
  </testcase> <!-- @AfterTest closedBrowser -->
  <testcase classname="TestNG.VerifyFacebookHeader2" name="toVerifyGroups" time="0.0">
    <skipped/>
  </testcase> <!-- toVerifyGroups -->
  <testcase classname="TestNG.VerifyFacebookHeader2" name="toVerifyMarketplace" time="0.0">
    <skipped/>
  </testcase> <!-- toVerifyMarketplace -->
  <testcase classname="TestNG.VerifyFacebookHeader2" name="toVerifyWatch" time="0.0">
    <ignored/>
  </testcase> <!-- toVerifyWatch -->
</testsuite> <!-- chromeTest -->
