<!DOCTYPE html PUBLIC "-//W3C//DTD XHTML 1.1//EN" "https://www.w3.org/TR/xhtml11/DTD/xhtml11.dtd">
<html xmlns="https://www.w3.org/1999/xhtml">
<head>
<meta http-equiv="content-type" content="text/html; charset=UTF-8"/>
<title>TestNG Report</title>
<style type="text/css">table {margin-bottom:10px;border-collapse:collapse;empty-cells:show}th,td {border:1px solid #009;padding:.25em .5em}th {vertical-align:bottom}td {vertical-align:top}table a {font-weight:bold}.stripe td {background-color: #E6EBF9}.num {text-align:right}.passedodd td {background-color: #3F3}.passedeven td {background-color: #0A0}.skippedodd td {background-color: #DDD}.skippedeven td {background-color: #CCC}.failedodd td,.attn {background-color: #F33}.failedeven td,.stripe .attn {background-color: #D00}.stacktrace {white-space:pre;font-family:monospace}.totop {font-size:85%;text-align:center;border-bottom:2px solid #000}.invisible {display:none}</style>
</head>
<body>
<table>
<tr><th>Test</th><th># Passed</th><th># Skipped</th><th># Retried</th><th># Failed</th><th>Time (ms)</th><th>Included Groups</th><th>Excluded Groups</th></tr>
<tr><th colspan="8">Suite1</th></tr>
<tr><td><a href="#t0">chromeTest</a></td><td class="num">0</td><td class="num attn">2</td><td class="num">0</td><td class="num">0</td><td class="num">6,706</td><td></td><td></td></tr>
<tr class="stripe"><td><a href="#t1">FirefoxTest</a></td><td class="num">2</td><td class="num">0</td><td class="num">0</td><td class="num">0</td><td class="num">72,278</td><td></td><td></td></tr>
<tr><th>Total</th><th class="num">2</th><th class="num attn">2</th><th class="num">0</th><th class="num">0</th><th class="num">78,984</th><th colspan="2"></th></tr>
</table>
<table id='summary'><thead><tr><th>Class</th><th>Method</th><th>Start</th><th>Time (ms)</th></tr></thead><tbody><tr><th colspan="4">Suite1</th></tr></tbody><tbody id="t0"><tr><th colspan="4">chromeTest &#8212; failed (configuration methods)</th></tr><tr class="failedeven"><td rowspan="1">TestNG.VerifyFacebookHeader2</td><td><a href="#m0">launchBrowser</a></td><td rowspan="1">1644049787762</td><td rowspan="1">6500</td></tr><tr><th colspan="4">chromeTest &#8212; skipped (configuration methods)</th></tr><tr class="skippedeven"><td rowspan="7">TestNG.VerifyFacebookHeader2</td><td><a href="#m1">clearObject</a></td><td rowspan="1">1644049794435</td><td rowspan="1">0</td></tr><tr class="skippedeven"><td><a href="#m2">closedBrowser</a></td><td rowspan="1">1644049794446</td><td rowspan="1">0</td></tr><tr class="skippedeven"><td><a href="#m3">loginFacebook</a></td><td rowspan="2">1644049794372</td><td rowspan="2">0</td></tr><tr class="skippedeven"><td><a href="#m4">loginFacebook</a></td></tr><tr class="skippedeven"><td><a href="#m5">logoutFacebook</a></td><td rowspan="2">1644049794402</td><td rowspan="2">0</td></tr><tr class="skippedeven"><td><a href="#m6">logoutFacebook</a></td></tr><tr class="skippedeven"><td><a href="#m7">pomclass</a></td><td rowspan="1">1644049794334</td><td rowspan="1">0</td></tr><tr><th colspan="4">chromeTest &#8212; skipped</th></tr><tr class="skippedeven"><td rowspan="2">TestNG.VerifyFacebookHeader2</td><td><a href="#m8">toVerifyGroups</a></td><td rowspan="1">1644049794378</td><td rowspan="1">0</td></tr><tr class="skippedeven"><td><a href="#m9">toVerifyMarketplace</a></td><td rowspan="1">1644049794418</td><td rowspan="1">0</td></tr></tbody>
<tbody id="t1"><tr><th colspan="4">FirefoxTest &#8212; passed</th></tr><tr class="passedeven"><td rowspan="2">TestNG.VerifyFacebookHeader2</td><td><a href="#m10">toVerifyGroups</a></td><td rowspan="1">1644049824464</td><td rowspan="1">819</td></tr><tr class="passedeven"><td><a href="#m11">toVerifyMarketplace</a></td><td rowspan="1">1644049842539</td><td rowspan="1">1347</td></tr></tbody>
</table>
<h2>chromeTest</h2><h3 id="m0">TestNG.VerifyFacebookHeader2#launchBrowser</h3><table class="result"><tr class="param"><th>Parameter #1</th></tr><tr class="param stripe"><td>chrome</td></tr><tr><th>Exception</th></tr><tr><td><div class="stacktrace">org.openqa.selenium.SessionNotCreatedException: session not created: This version of ChromeDriver only supports Chrome version 96
Current browser version is 98.0.4758.82 with binary path C:\Program Files\Google\Chrome\Application\chrome.exe
Build info: version: &apos;3.141.59&apos;, revision: &apos;e82be7d358&apos;, time: &apos;2018-11-14T08:17:03&apos;
System info: host: &apos;DESKTOP-O9J57UV&apos;, ip: &apos;192.168.43.254&apos;, os.name: &apos;Windows 10&apos;, os.arch: &apos;amd64&apos;, os.version: &apos;10.0&apos;, java.version: &apos;17&apos;
Driver info: driver.version: ChromeDriver
remote stacktrace: Backtrace:
	Ordinal0 [0x00E16903+2517251]
	Ordinal0 [0x00DAF8E1+2095329]
	Ordinal0 [0x00CB2848+1058888]
	Ordinal0 [0x00CD0B9D+1182621]
	Ordinal0 [0x00CCCA60+1165920]
	Ordinal0 [0x00CCA2CF+1155791]
	Ordinal0 [0x00CFAAAF+1354415]
	Ordinal0 [0x00CFA71A+1353498]
	Ordinal0 [0x00CF639B+1336219]
	Ordinal0 [0x00CD27A7+1189799]
	Ordinal0 [0x00CD3609+1193481]
	GetHandleVerifier [0x00FA5904+1577972]
	GetHandleVerifier [0x01050B97+2279047]
	GetHandleVerifier [0x00EA6D09+534521]
	GetHandleVerifier [0x00EA5DB9+530601]
	Ordinal0 [0x00DB4FF9+2117625]
	Ordinal0 [0x00DB98A8+2136232]
	Ordinal0 [0x00DB99E2+2136546]
	Ordinal0 [0x00DC3541+2176321]
	BaseThreadInitThunk [0x75E0FA29+25]
	RtlGetAppContainerNamedObjectPath [0x77BF7A9E+286]
	RtlGetAppContainerNamedObjectPath [0x77BF7A6E+238]

	at org.openqa.selenium.remote.W3CHandshakeResponse.lambda$errorHandler$0(W3CHandshakeResponse.java:62)
	at org.openqa.selenium.remote.HandshakeResponse.lambda$getResponseFunction$0(HandshakeResponse.java:30)
	at org.openqa.selenium.remote.ProtocolHandshake.lambda$createSession$0(ProtocolHandshake.java:126)
	at java.base/java.util.stream.ReferencePipeline$3$1.accept(ReferencePipeline.java:197)
	at java.base/java.util.Spliterators$ArraySpliterator.tryAdvance(Spliterators.java:1002)
	at java.base/java.util.stream.ReferencePipeline.forEachWithCancel(ReferencePipeline.java:129)
	at java.base/java.util.stream.AbstractPipeline.copyIntoWithCancel(AbstractPipeline.java:527)
	at java.base/java.util.stream.AbstractPipeline.copyInto(AbstractPipeline.java:513)
	at java.base/java.util.stream.AbstractPipeline.wrapAndCopyInto(AbstractPipeline.java:499)
	at java.base/java.util.stream.FindOps$FindOp.evaluateSequential(FindOps.java:150)
	at java.base/java.util.stream.AbstractPipeline.evaluate(AbstractPipeline.java:234)
	at java.base/java.util.stream.ReferencePipeline.findFirst(ReferencePipeline.java:647)
	at org.openqa.selenium.remote.ProtocolHandshake.createSession(ProtocolHandshake.java:128)
	at org.openqa.selenium.remote.ProtocolHandshake.createSession(ProtocolHandshake.java:74)
	at org.openqa.selenium.remote.HttpCommandExecutor.execute(HttpCommandExecutor.java:136)
	at org.openqa.selenium.remote.service.DriverCommandExecutor.execute(DriverCommandExecutor.java:83)
	at org.openqa.selenium.remote.RemoteWebDriver.execute(RemoteWebDriver.java:552)
	at org.openqa.selenium.remote.RemoteWebDriver.startSession(RemoteWebDriver.java:213)
	at org.openqa.selenium.remote.RemoteWebDriver.&lt;init&gt;(RemoteWebDriver.java:131)
	at org.openqa.selenium.chrome.ChromeDriver.&lt;init&gt;(ChromeDriver.java:181)
	at org.openqa.selenium.chrome.ChromeDriver.&lt;init&gt;(ChromeDriver.java:168)
	at org.openqa.selenium.chrome.ChromeDriver.&lt;init&gt;(ChromeDriver.java:123)
	at base.Base.openChromeBrowser(Base.java:12)
	at TestNG.VerifyFacebookHeader2.launchBrowser(VerifyFacebookHeader2.java:48)
	at java.base/java.util.concurrent.FutureTask.run(FutureTask.java:264)
	at java.base/java.util.concurrent.ThreadPoolExecutor.runWorker(ThreadPoolExecutor.java:1136)
	at java.base/java.util.concurrent.ThreadPoolExecutor$Worker.run(ThreadPoolExecutor.java:635)
	at java.base/java.lang.Thread.run(Thread.java:833)
... Removed 20 stack frames</div></td></tr></table><p class="totop"><a href="#summary">back to summary</a></p>
<h3 id="m1">TestNG.VerifyFacebookHeader2#clearObject</h3><table class="result"><tr><th class="invisible"/></tr></table><p class="totop"><a href="#summary">back to summary</a></p>
<h3 id="m2">TestNG.VerifyFacebookHeader2#closedBrowser</h3><table class="result"><tr><th class="invisible"/></tr></table><p class="totop"><a href="#summary">back to summary</a></p>
<h3 id="m3">TestNG.VerifyFacebookHeader2#loginFacebook</h3><table class="result"><tr><th class="invisible"/></tr></table><p class="totop"><a href="#summary">back to summary</a></p>
<h3 id="m4">TestNG.VerifyFacebookHeader2#loginFacebook</h3><table class="result"><tr><th class="invisible"/></tr></table><p class="totop"><a href="#summary">back to summary</a></p>
<h3 id="m5">TestNG.VerifyFacebookHeader2#logoutFacebook</h3><table class="result"><tr><th class="invisible"/></tr></table><p class="totop"><a href="#summary">back to summary</a></p>
<h3 id="m6">TestNG.VerifyFacebookHeader2#logoutFacebook</h3><table class="result"><tr><th class="invisible"/></tr></table><p class="totop"><a href="#summary">back to summary</a></p>
<h3 id="m7">TestNG.VerifyFacebookHeader2#pomclass</h3><table class="result"><tr><th class="invisible"/></tr></table><p class="totop"><a href="#summary">back to summary</a></p>
<h3 id="m8">TestNG.VerifyFacebookHeader2#toVerifyGroups</h3><table class="result"><tr><th>Exception</th></tr><tr><td><div class="stacktrace">org.openqa.selenium.SessionNotCreatedException: session not created: This version of ChromeDriver only supports Chrome version 96
Current browser version is 98.0.4758.82 with binary path C:\Program Files\Google\Chrome\Application\chrome.exe
Build info: version: &apos;3.141.59&apos;, revision: &apos;e82be7d358&apos;, time: &apos;2018-11-14T08:17:03&apos;
System info: host: &apos;DESKTOP-O9J57UV&apos;, ip: &apos;192.168.43.254&apos;, os.name: &apos;Windows 10&apos;, os.arch: &apos;amd64&apos;, os.version: &apos;10.0&apos;, java.version: &apos;17&apos;
Driver info: driver.version: ChromeDriver
remote stacktrace: Backtrace:
	Ordinal0 [0x00E16903+2517251]
	Ordinal0 [0x00DAF8E1+2095329]
	Ordinal0 [0x00CB2848+1058888]
	Ordinal0 [0x00CD0B9D+1182621]
	Ordinal0 [0x00CCCA60+1165920]
	Ordinal0 [0x00CCA2CF+1155791]
	Ordinal0 [0x00CFAAAF+1354415]
	Ordinal0 [0x00CFA71A+1353498]
	Ordinal0 [0x00CF639B+1336219]
	Ordinal0 [0x00CD27A7+1189799]
	Ordinal0 [0x00CD3609+1193481]
	GetHandleVerifier [0x00FA5904+1577972]
	GetHandleVerifier [0x01050B97+2279047]
	GetHandleVerifier [0x00EA6D09+534521]
	GetHandleVerifier [0x00EA5DB9+530601]
	Ordinal0 [0x00DB4FF9+2117625]
	Ordinal0 [0x00DB98A8+2136232]
	Ordinal0 [0x00DB99E2+2136546]
	Ordinal0 [0x00DC3541+2176321]
	BaseThreadInitThunk [0x75E0FA29+25]
	RtlGetAppContainerNamedObjectPath [0x77BF7A9E+286]
	RtlGetAppContainerNamedObjectPath [0x77BF7A6E+238]

	at org.openqa.selenium.remote.W3CHandshakeResponse.lambda$errorHandler$0(W3CHandshakeResponse.java:62)
	at org.openqa.selenium.remote.HandshakeResponse.lambda$getResponseFunction$0(HandshakeResponse.java:30)
	at org.openqa.selenium.remote.ProtocolHandshake.lambda$createSession$0(ProtocolHandshake.java:126)
	at java.base/java.util.stream.ReferencePipeline$3$1.accept(ReferencePipeline.java:197)
	at java.base/java.util.Spliterators$ArraySpliterator.tryAdvance(Spliterators.java:1002)
	at java.base/java.util.stream.ReferencePipeline.forEachWithCancel(ReferencePipeline.java:129)
	at java.base/java.util.stream.AbstractPipeline.copyIntoWithCancel(AbstractPipeline.java:527)
	at java.base/java.util.stream.AbstractPipeline.copyInto(AbstractPipeline.java:513)
	at java.base/java.util.stream.AbstractPipeline.wrapAndCopyInto(AbstractPipeline.java:499)
	at java.base/java.util.stream.FindOps$FindOp.evaluateSequential(FindOps.java:150)
	at java.base/java.util.stream.AbstractPipeline.evaluate(AbstractPipeline.java:234)
	at java.base/java.util.stream.ReferencePipeline.findFirst(ReferencePipeline.java:647)
	at org.openqa.selenium.remote.ProtocolHandshake.createSession(ProtocolHandshake.java:128)
	at org.openqa.selenium.remote.ProtocolHandshake.createSession(ProtocolHandshake.java:74)
	at org.openqa.selenium.remote.HttpCommandExecutor.execute(HttpCommandExecutor.java:136)
	at org.openqa.selenium.remote.service.DriverCommandExecutor.execute(DriverCommandExecutor.java:83)
	at org.openqa.selenium.remote.RemoteWebDriver.execute(RemoteWebDriver.java:552)
	at org.openqa.selenium.remote.RemoteWebDriver.startSession(RemoteWebDriver.java:213)
	at org.openqa.selenium.remote.RemoteWebDriver.&lt;init&gt;(RemoteWebDriver.java:131)
	at org.openqa.selenium.chrome.ChromeDriver.&lt;init&gt;(ChromeDriver.java:181)
	at org.openqa.selenium.chrome.ChromeDriver.&lt;init&gt;(ChromeDriver.java:168)
	at org.openqa.selenium.chrome.ChromeDriver.&lt;init&gt;(ChromeDriver.java:123)
	at base.Base.openChromeBrowser(Base.java:12)
	at TestNG.VerifyFacebookHeader2.launchBrowser(VerifyFacebookHeader2.java:48)
	at java.base/java.util.concurrent.FutureTask.run(FutureTask.java:264)
	at java.base/java.util.concurrent.ThreadPoolExecutor.runWorker(ThreadPoolExecutor.java:1136)
	at java.base/java.util.concurrent.ThreadPoolExecutor$Worker.run(ThreadPoolExecutor.java:635)
	at java.base/java.lang.Thread.run(Thread.java:833)
... Removed 20 stack frames</div></td></tr></table><p class="totop"><a href="#summary">back to summary</a></p>
<h3 id="m9">TestNG.VerifyFacebookHeader2#toVerifyMarketplace</h3><table class="result"><tr><th>Exception</th></tr><tr><td><div class="stacktrace">org.openqa.selenium.SessionNotCreatedException: session not created: This version of ChromeDriver only supports Chrome version 96
Current browser version is 98.0.4758.82 with binary path C:\Program Files\Google\Chrome\Application\chrome.exe
Build info: version: &apos;3.141.59&apos;, revision: &apos;e82be7d358&apos;, time: &apos;2018-11-14T08:17:03&apos;
System info: host: &apos;DESKTOP-O9J57UV&apos;, ip: &apos;192.168.43.254&apos;, os.name: &apos;Windows 10&apos;, os.arch: &apos;amd64&apos;, os.version: &apos;10.0&apos;, java.version: &apos;17&apos;
Driver info: driver.version: ChromeDriver
remote stacktrace: Backtrace:
	Ordinal0 [0x00E16903+2517251]
	Ordinal0 [0x00DAF8E1+2095329]
	Ordinal0 [0x00CB2848+1058888]
	Ordinal0 [0x00CD0B9D+1182621]
	Ordinal0 [0x00CCCA60+1165920]
	Ordinal0 [0x00CCA2CF+1155791]
	Ordinal0 [0x00CFAAAF+1354415]
	Ordinal0 [0x00CFA71A+1353498]
	Ordinal0 [0x00CF639B+1336219]
	Ordinal0 [0x00CD27A7+1189799]
	Ordinal0 [0x00CD3609+1193481]
	GetHandleVerifier [0x00FA5904+1577972]
	GetHandleVerifier [0x01050B97+2279047]
	GetHandleVerifier [0x00EA6D09+534521]
	GetHandleVerifier [0x00EA5DB9+530601]
	Ordinal0 [0x00DB4FF9+2117625]
	Ordinal0 [0x00DB98A8+2136232]
	Ordinal0 [0x00DB99E2+2136546]
	Ordinal0 [0x00DC3541+2176321]
	BaseThreadInitThunk [0x75E0FA29+25]
	RtlGetAppContainerNamedObjectPath [0x77BF7A9E+286]
	RtlGetAppContainerNamedObjectPath [0x77BF7A6E+238]

	at org.openqa.selenium.remote.W3CHandshakeResponse.lambda$errorHandler$0(W3CHandshakeResponse.java:62)
	at org.openqa.selenium.remote.HandshakeResponse.lambda$getResponseFunction$0(HandshakeResponse.java:30)
	at org.openqa.selenium.remote.ProtocolHandshake.lambda$createSession$0(ProtocolHandshake.java:126)
	at java.base/java.util.stream.ReferencePipeline$3$1.accept(ReferencePipeline.java:197)
	at java.base/java.util.Spliterators$ArraySpliterator.tryAdvance(Spliterators.java:1002)
	at java.base/java.util.stream.ReferencePipeline.forEachWithCancel(ReferencePipeline.java:129)
	at java.base/java.util.stream.AbstractPipeline.copyIntoWithCancel(AbstractPipeline.java:527)
	at java.base/java.util.stream.AbstractPipeline.copyInto(AbstractPipeline.java:513)
	at java.base/java.util.stream.AbstractPipeline.wrapAndCopyInto(AbstractPipeline.java:499)
	at java.base/java.util.stream.FindOps$FindOp.evaluateSequential(FindOps.java:150)
	at java.base/java.util.stream.AbstractPipeline.evaluate(AbstractPipeline.java:234)
	at java.base/java.util.stream.ReferencePipeline.findFirst(ReferencePipeline.java:647)
	at org.openqa.selenium.remote.ProtocolHandshake.createSession(ProtocolHandshake.java:128)
	at org.openqa.selenium.remote.ProtocolHandshake.createSession(ProtocolHandshake.java:74)
	at org.openqa.selenium.remote.HttpCommandExecutor.execute(HttpCommandExecutor.java:136)
	at org.openqa.selenium.remote.service.DriverCommandExecutor.execute(DriverCommandExecutor.java:83)
	at org.openqa.selenium.remote.RemoteWebDriver.execute(RemoteWebDriver.java:552)
	at org.openqa.selenium.remote.RemoteWebDriver.startSession(RemoteWebDriver.java:213)
	at org.openqa.selenium.remote.RemoteWebDriver.&lt;init&gt;(RemoteWebDriver.java:131)
	at org.openqa.selenium.chrome.ChromeDriver.&lt;init&gt;(ChromeDriver.java:181)
	at org.openqa.selenium.chrome.ChromeDriver.&lt;init&gt;(ChromeDriver.java:168)
	at org.openqa.selenium.chrome.ChromeDriver.&lt;init&gt;(ChromeDriver.java:123)
	at base.Base.openChromeBrowser(Base.java:12)
	at TestNG.VerifyFacebookHeader2.launchBrowser(VerifyFacebookHeader2.java:48)
	at java.base/java.util.concurrent.FutureTask.run(FutureTask.java:264)
	at java.base/java.util.concurrent.ThreadPoolExecutor.runWorker(ThreadPoolExecutor.java:1136)
	at java.base/java.util.concurrent.ThreadPoolExecutor$Worker.run(ThreadPoolExecutor.java:635)
	at java.base/java.lang.Thread.run(Thread.java:833)
... Removed 20 stack frames</div></td></tr></table><p class="totop"><a href="#summary">back to summary</a></p>
<h2>FirefoxTest</h2><h3 id="m10">TestNG.VerifyFacebookHeader2#toVerifyGroups</h3><table class="result"><tr><th class="invisible"/></tr></table><p class="totop"><a href="#summary">back to summary</a></p>
<h3 id="m11">TestNG.VerifyFacebookHeader2#toVerifyMarketplace</h3><table class="result"><tr><th class="invisible"/></tr></table><p class="totop"><a href="#summary">back to summary</a></p>
</body>
</html>
