<?xml version="1.0" encoding="UTF-8"?>
<testng-results ignored="2" total="6" passed="2" failed="0" skipped="2">
  <reporter-output>
  </reporter-output>
  <suite started-at="2022-02-05T13:59:47 IST" name="Suite1" finished-at="2022-02-05T14:01:00 IST" duration-ms="72281">
    <groups>
    </groups>
    <test started-at="2022-02-05T13:59:47 IST" name="chromeTest" finished-at="2022-02-05T13:59:54 IST" duration-ms="6706">
      <class name="TestNG.VerifyFacebookHeader2">
        <test-method is-config="true" signature="launchBrowser(java.lang.String)[pri:0, instance:TestNG.VerifyFacebookHeader2@741a8937]" started-at="2022-02-05T13:59:47 IST" name="launchBrowser" finished-at="2022-02-05T13:59:54 IST" duration-ms="6500" status="FAIL">
          <params>
            <param index="0">
              <value>
                <![CDATA[chrome]]>
              </value>
            </param>
          </params>
          <exception class="org.openqa.selenium.SessionNotCreatedException">
            <message>
              <![CDATA[session not created: This version of ChromeDriver only supports Chrome version 96
Current browser version is 98.0.4758.82 with binary path C:\Program Files\Google\Chrome\Application\chrome.exe
Build info: version: '3.141.59', revision: 'e82be7d358', time: '2018-11-14T08:17:03'
System info: host: 'DESKTOP-O9J57UV', ip: '192.168.43.254', os.name: 'Windows 10', os.arch: 'amd64', os.version: '10.0', java.version: '17'
Driver info: driver.version: ChromeDriver
remote stacktrace: Backtrace:
Ordinal0 [0x00E16903+2517251]
Ordinal0 [0x00DAF8E1+2095329]
Ordinal0 [0x00CB2848+1058888]
Ordinal0 [0x00CD0B9D+1182621]
Ordinal0 [0x00CCCA60+1165920]
Ordinal0 [0x00CCA2CF+1155791]
Ordinal0 [0x00CFAAAF+1354415]
Ordinal0 [0x00CFA71A+1353498]
Ordinal0 [0x00CF639B+1336219]
Ordinal0 [0x00CD27A7+1189799]
Ordinal0 [0x00CD3609+1193481]
GetHandleVerifier [0x00FA5904+1577972]
GetHandleVerifier [0x01050B97+2279047]
GetHandleVerifier [0x00EA6D09+534521]
GetHandleVerifier [0x00EA5DB9+530601]
Ordinal0 [0x00DB4FF9+2117625]
Ordinal0 [0x00DB98A8+2136232]
Ordinal0 [0x00DB99E2+2136546]
Ordinal0 [0x00DC3541+2176321]
BaseThreadInitThunk [0x75E0FA29+25]
RtlGetAppContainerNamedObjectPath [0x77BF7A9E+286]
RtlGetAppContainerNamedObjectPath [0x77BF7A6E+238]
]]>
            </message>
            <full-stacktrace>
              <![CDATA[org.openqa.selenium.SessionNotCreatedException: session not created: This version of ChromeDriver only supports Chrome version 96
Current browser version is 98.0.4758.82 with binary path C:\Program Files\Google\Chrome\Application\chrome.exe
Build info: version: '3.141.59', revision: 'e82be7d358', time: '2018-11-14T08:17:03'
System info: host: 'DESKTOP-O9J57UV', ip: '192.168.43.254', os.name: 'Windows 10', os.arch: 'amd64', os.version: '10.0', java.version: '17'
Driver info: driver.version: ChromeDriver
remote stacktrace: Backtrace:
Ordinal0 [0x00E16903+2517251]
Ordinal0 [0x00DAF8E1+2095329]
Ordinal0 [0x00CB2848+1058888]
Ordinal0 [0x00CD0B9D+1182621]
Ordinal0 [0x00CCCA60+1165920]
Ordinal0 [0x00CCA2CF+1155791]
Ordinal0 [0x00CFAAAF+1354415]
Ordinal0 [0x00CFA71A+1353498]
Ordinal0 [0x00CF639B+1336219]
Ordinal0 [0x00CD27A7+1189799]
Ordinal0 [0x00CD3609+1193481]
GetHandleVerifier [0x00FA5904+1577972]
GetHandleVerifier [0x01050B97+2279047]
GetHandleVerifier [0x00EA6D09+534521]
GetHandleVerifier [0x00EA5DB9+530601]
Ordinal0 [0x00DB4FF9+2117625]
Ordinal0 [0x00DB98A8+2136232]
Ordinal0 [0x00DB99E2+2136546]
Ordinal0 [0x00DC3541+2176321]
BaseThreadInitThunk [0x75E0FA29+25]
RtlGetAppContainerNamedObjectPath [0x77BF7A9E+286]
RtlGetAppContainerNamedObjectPath [0x77BF7A6E+238]

at java.base/jdk.internal.reflect.NativeConstructorAccessorImpl.newInstance0(Native Method)
at java.base/jdk.internal.reflect.NativeConstructorAccessorImpl.newInstance(NativeConstructorAccessorImpl.java:77)
at java.base/jdk.internal.reflect.DelegatingConstructorAccessorImpl.newInstance(DelegatingConstructorAccessorImpl.java:45)
at java.base/java.lang.reflect.Constructor.newInstanceWithCaller(Constructor.java:499)
at java.base/java.lang.reflect.Constructor.newInstance(Constructor.java:480)
at org.openqa.selenium.remote.W3CHandshakeResponse.lambda$errorHandler$0(W3CHandshakeResponse.java:62)
at org.openqa.selenium.remote.HandshakeResponse.lambda$getResponseFunction$0(HandshakeResponse.java:30)
at org.openqa.selenium.remote.ProtocolHandshake.lambda$createSession$0(ProtocolHandshake.java:126)
at java.base/java.util.stream.ReferencePipeline$3$1.accept(ReferencePipeline.java:197)
at java.base/java.util.Spliterators$ArraySpliterator.tryAdvance(Spliterators.java:1002)
at java.base/java.util.stream.ReferencePipeline.forEachWithCancel(ReferencePipeline.java:129)
at java.base/java.util.stream.AbstractPipeline.copyIntoWithCancel(AbstractPipeline.java:527)
at java.base/java.util.stream.AbstractPipeline.copyInto(AbstractPipeline.java:513)
at java.base/java.util.stream.AbstractPipeline.wrapAndCopyInto(AbstractPipeline.java:499)
at java.base/java.util.stream.FindOps$FindOp.evaluateSequential(FindOps.java:150)
at java.base/java.util.stream.AbstractPipeline.evaluate(AbstractPipeline.java:234)
at java.base/java.util.stream.ReferencePipeline.findFirst(ReferencePipeline.java:647)
at org.openqa.selenium.remote.ProtocolHandshake.createSession(ProtocolHandshake.java:128)
at org.openqa.selenium.remote.ProtocolHandshake.createSession(ProtocolHandshake.java:74)
at org.openqa.selenium.remote.HttpCommandExecutor.execute(HttpCommandExecutor.java:136)
at org.openqa.selenium.remote.service.DriverCommandExecutor.execute(DriverCommandExecutor.java:83)
at org.openqa.selenium.remote.RemoteWebDriver.execute(RemoteWebDriver.java:552)
at org.openqa.selenium.remote.RemoteWebDriver.startSession(RemoteWebDriver.java:213)
at org.openqa.selenium.remote.RemoteWebDriver.<init>(RemoteWebDriver.java:131)
at org.openqa.selenium.chrome.ChromeDriver.<init>(ChromeDriver.java:181)
at org.openqa.selenium.chrome.ChromeDriver.<init>(ChromeDriver.java:168)
at org.openqa.selenium.chrome.ChromeDriver.<init>(ChromeDriver.java:123)
at base.Base.openChromeBrowser(Base.java:12)
at TestNG.VerifyFacebookHeader2.launchBrowser(VerifyFacebookHeader2.java:48)
at java.base/jdk.internal.reflect.NativeMethodAccessorImpl.invoke0(Native Method)
at java.base/jdk.internal.reflect.NativeMethodAccessorImpl.invoke(NativeMethodAccessorImpl.java:77)
at java.base/jdk.internal.reflect.DelegatingMethodAccessorImpl.invoke(DelegatingMethodAccessorImpl.java:43)
at java.base/java.lang.reflect.Method.invoke(Method.java:568)
at org.testng.internal.invokers.MethodInvocationHelper.invokeMethod(MethodInvocationHelper.java:135)
at org.testng.internal.invokers.MethodInvocationHelper.invokeMethodConsideringTimeout(MethodInvocationHelper.java:65)
at org.testng.internal.invokers.ConfigInvoker.invokeConfigurationMethod(ConfigInvoker.java:381)
at org.testng.internal.invokers.ConfigInvoker.invokeConfigurations(ConfigInvoker.java:319)
at org.testng.TestRunner.invokeTestConfigurations(TestRunner.java:645)
at org.testng.TestRunner.beforeRun(TestRunner.java:634)
at org.testng.TestRunner.run(TestRunner.java:596)
at org.testng.SuiteRunner.runTest(SuiteRunner.java:429)
at org.testng.SuiteRunner.access$000(SuiteRunner.java:32)
at org.testng.SuiteRunner$SuiteWorker.run(SuiteRunner.java:467)
at org.testng.internal.thread.ThreadUtil.lambda$execute$0(ThreadUtil.java:58)
at java.base/java.util.concurrent.FutureTask.run(FutureTask.java:264)
at java.base/java.util.concurrent.ThreadPoolExecutor.runWorker(ThreadPoolExecutor.java:1136)
at java.base/java.util.concurrent.ThreadPoolExecutor$Worker.run(ThreadPoolExecutor.java:635)
at java.base/java.lang.Thread.run(Thread.java:833)
]]>
            </full-stacktrace>
          </exception> <!-- org.openqa.selenium.SessionNotCreatedException -->
          <reporter-output>
          </reporter-output>
        </test-method> <!-- launchBrowser -->
        <test-method is-config="true" signature="pomclass()[pri:0, instance:TestNG.VerifyFacebookHeader2@741a8937]" started-at="2022-02-05T13:59:54 IST" name="pomclass" finished-at="2022-02-05T13:59:54 IST" duration-ms="0" status="SKIP">
          <reporter-output>
          </reporter-output>
        </test-method> <!-- pomclass -->
        <test-method is-config="true" signature="loginFacebook()[pri:0, instance:TestNG.VerifyFacebookHeader2@741a8937]" started-at="2022-02-05T13:59:54 IST" name="loginFacebook" finished-at="2022-02-05T13:59:54 IST" duration-ms="0" status="SKIP">
          <reporter-output>
          </reporter-output>
        </test-method> <!-- loginFacebook -->
        <test-method signature="toVerifyGroups()[pri:0, instance:TestNG.VerifyFacebookHeader2@741a8937]" started-at="2022-02-05T13:59:54 IST" name="toVerifyGroups" finished-at="2022-02-05T13:59:54 IST" duration-ms="0" status="SKIP">
          <exception class="org.openqa.selenium.SessionNotCreatedException">
            <message>
              <![CDATA[session not created: This version of ChromeDriver only supports Chrome version 96
Current browser version is 98.0.4758.82 with binary path C:\Program Files\Google\Chrome\Application\chrome.exe
Build info: version: '3.141.59', revision: 'e82be7d358', time: '2018-11-14T08:17:03'
System info: host: 'DESKTOP-O9J57UV', ip: '192.168.43.254', os.name: 'Windows 10', os.arch: 'amd64', os.version: '10.0', java.version: '17'
Driver info: driver.version: ChromeDriver
remote stacktrace: Backtrace:
Ordinal0 [0x00E16903+2517251]
Ordinal0 [0x00DAF8E1+2095329]
Ordinal0 [0x00CB2848+1058888]
Ordinal0 [0x00CD0B9D+1182621]
Ordinal0 [0x00CCCA60+1165920]
Ordinal0 [0x00CCA2CF+1155791]
Ordinal0 [0x00CFAAAF+1354415]
Ordinal0 [0x00CFA71A+1353498]
Ordinal0 [0x00CF639B+1336219]
Ordinal0 [0x00CD27A7+1189799]
Ordinal0 [0x00CD3609+1193481]
GetHandleVerifier [0x00FA5904+1577972]
GetHandleVerifier [0x01050B97+2279047]
GetHandleVerifier [0x00EA6D09+534521]
GetHandleVerifier [0x00EA5DB9+530601]
Ordinal0 [0x00DB4FF9+2117625]
Ordinal0 [0x00DB98A8+2136232]
Ordinal0 [0x00DB99E2+2136546]
Ordinal0 [0x00DC3541+2176321]
BaseThreadInitThunk [0x75E0FA29+25]
RtlGetAppContainerNamedObjectPath [0x77BF7A9E+286]
RtlGetAppContainerNamedObjectPath [0x77BF7A6E+238]
]]>
            </message>
            <full-stacktrace>
              <![CDATA[org.openqa.selenium.SessionNotCreatedException: session not created: This version of ChromeDriver only supports Chrome version 96
Current browser version is 98.0.4758.82 with binary path C:\Program Files\Google\Chrome\Application\chrome.exe
Build info: version: '3.141.59', revision: 'e82be7d358', time: '2018-11-14T08:17:03'
System info: host: 'DESKTOP-O9J57UV', ip: '192.168.43.254', os.name: 'Windows 10', os.arch: 'amd64', os.version: '10.0', java.version: '17'
Driver info: driver.version: ChromeDriver
remote stacktrace: Backtrace:
Ordinal0 [0x00E16903+2517251]
Ordinal0 [0x00DAF8E1+2095329]
Ordinal0 [0x00CB2848+1058888]
Ordinal0 [0x00CD0B9D+1182621]
Ordinal0 [0x00CCCA60+1165920]
Ordinal0 [0x00CCA2CF+1155791]
Ordinal0 [0x00CFAAAF+1354415]
Ordinal0 [0x00CFA71A+1353498]
Ordinal0 [0x00CF639B+1336219]
Ordinal0 [0x00CD27A7+1189799]
Ordinal0 [0x00CD3609+1193481]
GetHandleVerifier [0x00FA5904+1577972]
GetHandleVerifier [0x01050B97+2279047]
GetHandleVerifier [0x00EA6D09+534521]
GetHandleVerifier [0x00EA5DB9+530601]
Ordinal0 [0x00DB4FF9+2117625]
Ordinal0 [0x00DB98A8+2136232]
Ordinal0 [0x00DB99E2+2136546]
Ordinal0 [0x00DC3541+2176321]
BaseThreadInitThunk [0x75E0FA29+25]
RtlGetAppContainerNamedObjectPath [0x77BF7A9E+286]
RtlGetAppContainerNamedObjectPath [0x77BF7A6E+238]

at java.base/jdk.internal.reflect.NativeConstructorAccessorImpl.newInstance0(Native Method)
at java.base/jdk.internal.reflect.NativeConstructorAccessorImpl.newInstance(NativeConstructorAccessorImpl.java:77)
at java.base/jdk.internal.reflect.DelegatingConstructorAccessorImpl.newInstance(DelegatingConstructorAccessorImpl.java:45)
at java.base/java.lang.reflect.Constructor.newInstanceWithCaller(Constructor.java:499)
at java.base/java.lang.reflect.Constructor.newInstance(Constructor.java:480)
at org.openqa.selenium.remote.W3CHandshakeResponse.lambda$errorHandler$0(W3CHandshakeResponse.java:62)
at org.openqa.selenium.remote.HandshakeResponse.lambda$getResponseFunction$0(HandshakeResponse.java:30)
at org.openqa.selenium.remote.ProtocolHandshake.lambda$createSession$0(ProtocolHandshake.java:126)
at java.base/java.util.stream.ReferencePipeline$3$1.accept(ReferencePipeline.java:197)
at java.base/java.util.Spliterators$ArraySpliterator.tryAdvance(Spliterators.java:1002)
at java.base/java.util.stream.ReferencePipeline.forEachWithCancel(ReferencePipeline.java:129)
at java.base/java.util.stream.AbstractPipeline.copyIntoWithCancel(AbstractPipeline.java:527)
at java.base/java.util.stream.AbstractPipeline.copyInto(AbstractPipeline.java:513)
at java.base/java.util.stream.AbstractPipeline.wrapAndCopyInto(AbstractPipeline.java:499)
at java.base/java.util.stream.FindOps$FindOp.evaluateSequential(FindOps.java:150)
at java.base/java.util.stream.AbstractPipeline.evaluate(AbstractPipeline.java:234)
at java.base/java.util.stream.ReferencePipeline.findFirst(ReferencePipeline.java:647)
at org.openqa.selenium.remote.ProtocolHandshake.createSession(ProtocolHandshake.java:128)
at org.openqa.selenium.remote.ProtocolHandshake.createSession(ProtocolHandshake.java:74)
at org.openqa.selenium.remote.HttpCommandExecutor.execute(HttpCommandExecutor.java:136)
at org.openqa.selenium.remote.service.DriverCommandExecutor.execute(DriverCommandExecutor.java:83)
at org.openqa.selenium.remote.RemoteWebDriver.execute(RemoteWebDriver.java:552)
at org.openqa.selenium.remote.RemoteWebDriver.startSession(RemoteWebDriver.java:213)
at org.openqa.selenium.remote.RemoteWebDriver.<init>(RemoteWebDriver.java:131)
at org.openqa.selenium.chrome.ChromeDriver.<init>(ChromeDriver.java:181)
at org.openqa.selenium.chrome.ChromeDriver.<init>(ChromeDriver.java:168)
at org.openqa.selenium.chrome.ChromeDriver.<init>(ChromeDriver.java:123)
at base.Base.openChromeBrowser(Base.java:12)
at TestNG.VerifyFacebookHeader2.launchBrowser(VerifyFacebookHeader2.java:48)
at java.base/jdk.internal.reflect.NativeMethodAccessorImpl.invoke0(Native Method)
at java.base/jdk.internal.reflect.NativeMethodAccessorImpl.invoke(NativeMethodAccessorImpl.java:77)
at java.base/jdk.internal.reflect.DelegatingMethodAccessorImpl.invoke(DelegatingMethodAccessorImpl.java:43)
at java.base/java.lang.reflect.Method.invoke(Method.java:568)
at org.testng.internal.invokers.MethodInvocationHelper.invokeMethod(MethodInvocationHelper.java:135)
at org.testng.internal.invokers.MethodInvocationHelper.invokeMethodConsideringTimeout(MethodInvocationHelper.java:65)
at org.testng.internal.invokers.ConfigInvoker.invokeConfigurationMethod(ConfigInvoker.java:381)
at org.testng.internal.invokers.ConfigInvoker.invokeConfigurations(ConfigInvoker.java:319)
at org.testng.TestRunner.invokeTestConfigurations(TestRunner.java:645)
at org.testng.TestRunner.beforeRun(TestRunner.java:634)
at org.testng.TestRunner.run(TestRunner.java:596)
at org.testng.SuiteRunner.runTest(SuiteRunner.java:429)
at org.testng.SuiteRunner.access$000(SuiteRunner.java:32)
at org.testng.SuiteRunner$SuiteWorker.run(SuiteRunner.java:467)
at org.testng.internal.thread.ThreadUtil.lambda$execute$0(ThreadUtil.java:58)
at java.base/java.util.concurrent.FutureTask.run(FutureTask.java:264)
at java.base/java.util.concurrent.ThreadPoolExecutor.runWorker(ThreadPoolExecutor.java:1136)
at java.base/java.util.concurrent.ThreadPoolExecutor$Worker.run(ThreadPoolExecutor.java:635)
at java.base/java.lang.Thread.run(Thread.java:833)
]]>
            </full-stacktrace>
          </exception> <!-- org.openqa.selenium.SessionNotCreatedException -->
          <reporter-output>
          </reporter-output>
        </test-method> <!-- toVerifyGroups -->
        <test-method is-config="true" signature="logoutFacebook()[pri:0, instance:TestNG.VerifyFacebookHeader2@741a8937]" started-at="2022-02-05T13:59:54 IST" name="logoutFacebook" finished-at="2022-02-05T13:59:54 IST" duration-ms="0" status="SKIP">
          <reporter-output>
          </reporter-output>
        </test-method> <!-- logoutFacebook -->
        <test-method is-config="true" signature="loginFacebook()[pri:0, instance:TestNG.VerifyFacebookHeader2@741a8937]" started-at="2022-02-05T13:59:54 IST" name="loginFacebook" finished-at="2022-02-05T13:59:54 IST" duration-ms="0" status="SKIP">
          <reporter-output>
          </reporter-output>
        </test-method> <!-- loginFacebook -->
        <test-method signature="toVerifyMarketplace()[pri:0, instance:TestNG.VerifyFacebookHeader2@741a8937]" started-at="2022-02-05T13:59:54 IST" name="toVerifyMarketplace" finished-at="2022-02-05T13:59:54 IST" duration-ms="0" status="SKIP">
          <exception class="org.openqa.selenium.SessionNotCreatedException">
            <message>
              <![CDATA[session not created: This version of ChromeDriver only supports Chrome version 96
Current browser version is 98.0.4758.82 with binary path C:\Program Files\Google\Chrome\Application\chrome.exe
Build info: version: '3.141.59', revision: 'e82be7d358', time: '2018-11-14T08:17:03'
System info: host: 'DESKTOP-O9J57UV', ip: '192.168.43.254', os.name: 'Windows 10', os.arch: 'amd64', os.version: '10.0', java.version: '17'
Driver info: driver.version: ChromeDriver
remote stacktrace: Backtrace:
Ordinal0 [0x00E16903+2517251]
Ordinal0 [0x00DAF8E1+2095329]
Ordinal0 [0x00CB2848+1058888]
Ordinal0 [0x00CD0B9D+1182621]
Ordinal0 [0x00CCCA60+1165920]
Ordinal0 [0x00CCA2CF+1155791]
Ordinal0 [0x00CFAAAF+1354415]
Ordinal0 [0x00CFA71A+1353498]
Ordinal0 [0x00CF639B+1336219]
Ordinal0 [0x00CD27A7+1189799]
Ordinal0 [0x00CD3609+1193481]
GetHandleVerifier [0x00FA5904+1577972]
GetHandleVerifier [0x01050B97+2279047]
GetHandleVerifier [0x00EA6D09+534521]
GetHandleVerifier [0x00EA5DB9+530601]
Ordinal0 [0x00DB4FF9+2117625]
Ordinal0 [0x00DB98A8+2136232]
Ordinal0 [0x00DB99E2+2136546]
Ordinal0 [0x00DC3541+2176321]
BaseThreadInitThunk [0x75E0FA29+25]
RtlGetAppContainerNamedObjectPath [0x77BF7A9E+286]
RtlGetAppContainerNamedObjectPath [0x77BF7A6E+238]
]]>
            </message>
            <full-stacktrace>
              <![CDATA[org.openqa.selenium.SessionNotCreatedException: session not created: This version of ChromeDriver only supports Chrome version 96
Current browser version is 98.0.4758.82 with binary path C:\Program Files\Google\Chrome\Application\chrome.exe
Build info: version: '3.141.59', revision: 'e82be7d358', time: '2018-11-14T08:17:03'
System info: host: 'DESKTOP-O9J57UV', ip: '192.168.43.254', os.name: 'Windows 10', os.arch: 'amd64', os.version: '10.0', java.version: '17'
Driver info: driver.version: ChromeDriver
remote stacktrace: Backtrace:
Ordinal0 [0x00E16903+2517251]
Ordinal0 [0x00DAF8E1+2095329]
Ordinal0 [0x00CB2848+1058888]
Ordinal0 [0x00CD0B9D+1182621]
Ordinal0 [0x00CCCA60+1165920]
Ordinal0 [0x00CCA2CF+1155791]
Ordinal0 [0x00CFAAAF+1354415]
Ordinal0 [0x00CFA71A+1353498]
Ordinal0 [0x00CF639B+1336219]
Ordinal0 [0x00CD27A7+1189799]
Ordinal0 [0x00CD3609+1193481]
GetHandleVerifier [0x00FA5904+1577972]
GetHandleVerifier [0x01050B97+2279047]
GetHandleVerifier [0x00EA6D09+534521]
GetHandleVerifier [0x00EA5DB9+530601]
Ordinal0 [0x00DB4FF9+2117625]
Ordinal0 [0x00DB98A8+2136232]
Ordinal0 [0x00DB99E2+2136546]
Ordinal0 [0x00DC3541+2176321]
BaseThreadInitThunk [0x75E0FA29+25]
RtlGetAppContainerNamedObjectPath [0x77BF7A9E+286]
RtlGetAppContainerNamedObjectPath [0x77BF7A6E+238]

at java.base/jdk.internal.reflect.NativeConstructorAccessorImpl.newInstance0(Native Method)
at java.base/jdk.internal.reflect.NativeConstructorAccessorImpl.newInstance(NativeConstructorAccessorImpl.java:77)
at java.base/jdk.internal.reflect.DelegatingConstructorAccessorImpl.newInstance(DelegatingConstructorAccessorImpl.java:45)
at java.base/java.lang.reflect.Constructor.newInstanceWithCaller(Constructor.java:499)
at java.base/java.lang.reflect.Constructor.newInstance(Constructor.java:480)
at org.openqa.selenium.remote.W3CHandshakeResponse.lambda$errorHandler$0(W3CHandshakeResponse.java:62)
at org.openqa.selenium.remote.HandshakeResponse.lambda$getResponseFunction$0(HandshakeResponse.java:30)
at org.openqa.selenium.remote.ProtocolHandshake.lambda$createSession$0(ProtocolHandshake.java:126)
at java.base/java.util.stream.ReferencePipeline$3$1.accept(ReferencePipeline.java:197)
at java.base/java.util.Spliterators$ArraySpliterator.tryAdvance(Spliterators.java:1002)
at java.base/java.util.stream.ReferencePipeline.forEachWithCancel(ReferencePipeline.java:129)
at java.base/java.util.stream.AbstractPipeline.copyIntoWithCancel(AbstractPipeline.java:527)
at java.base/java.util.stream.AbstractPipeline.copyInto(AbstractPipeline.java:513)
at java.base/java.util.stream.AbstractPipeline.wrapAndCopyInto(AbstractPipeline.java:499)
at java.base/java.util.stream.FindOps$FindOp.evaluateSequential(FindOps.java:150)
at java.base/java.util.stream.AbstractPipeline.evaluate(AbstractPipeline.java:234)
at java.base/java.util.stream.ReferencePipeline.findFirst(ReferencePipeline.java:647)
at org.openqa.selenium.remote.ProtocolHandshake.createSession(ProtocolHandshake.java:128)
at org.openqa.selenium.remote.ProtocolHandshake.createSession(ProtocolHandshake.java:74)
at org.openqa.selenium.remote.HttpCommandExecutor.execute(HttpCommandExecutor.java:136)
at org.openqa.selenium.remote.service.DriverCommandExecutor.execute(DriverCommandExecutor.java:83)
at org.openqa.selenium.remote.RemoteWebDriver.execute(RemoteWebDriver.java:552)
at org.openqa.selenium.remote.RemoteWebDriver.startSession(RemoteWebDriver.java:213)
at org.openqa.selenium.remote.RemoteWebDriver.<init>(RemoteWebDriver.java:131)
at org.openqa.selenium.chrome.ChromeDriver.<init>(ChromeDriver.java:181)
at org.openqa.selenium.chrome.ChromeDriver.<init>(ChromeDriver.java:168)
at org.openqa.selenium.chrome.ChromeDriver.<init>(ChromeDriver.java:123)
at base.Base.openChromeBrowser(Base.java:12)
at TestNG.VerifyFacebookHeader2.launchBrowser(VerifyFacebookHeader2.java:48)
at java.base/jdk.internal.reflect.NativeMethodAccessorImpl.invoke0(Native Method)
at java.base/jdk.internal.reflect.NativeMethodAccessorImpl.invoke(NativeMethodAccessorImpl.java:77)
at java.base/jdk.internal.reflect.DelegatingMethodAccessorImpl.invoke(DelegatingMethodAccessorImpl.java:43)
at java.base/java.lang.reflect.Method.invoke(Method.java:568)
at org.testng.internal.invokers.MethodInvocationHelper.invokeMethod(MethodInvocationHelper.java:135)
at org.testng.internal.invokers.MethodInvocationHelper.invokeMethodConsideringTimeout(MethodInvocationHelper.java:65)
at org.testng.internal.invokers.ConfigInvoker.invokeConfigurationMethod(ConfigInvoker.java:381)
at org.testng.internal.invokers.ConfigInvoker.invokeConfigurations(ConfigInvoker.java:319)
at org.testng.TestRunner.invokeTestConfigurations(TestRunner.java:645)
at org.testng.TestRunner.beforeRun(TestRunner.java:634)
at org.testng.TestRunner.run(TestRunner.java:596)
at org.testng.SuiteRunner.runTest(SuiteRunner.java:429)
at org.testng.SuiteRunner.access$000(SuiteRunner.java:32)
at org.testng.SuiteRunner$SuiteWorker.run(SuiteRunner.java:467)
at org.testng.internal.thread.ThreadUtil.lambda$execute$0(ThreadUtil.java:58)
at java.base/java.util.concurrent.FutureTask.run(FutureTask.java:264)
at java.base/java.util.concurrent.ThreadPoolExecutor.runWorker(ThreadPoolExecutor.java:1136)
at java.base/java.util.concurrent.ThreadPoolExecutor$Worker.run(ThreadPoolExecutor.java:635)
at java.base/java.lang.Thread.run(Thread.java:833)
]]>
            </full-stacktrace>
          </exception> <!-- org.openqa.selenium.SessionNotCreatedException -->
          <reporter-output>
          </reporter-output>
        </test-method> <!-- toVerifyMarketplace -->
        <test-method is-config="true" signature="logoutFacebook()[pri:0, instance:TestNG.VerifyFacebookHeader2@741a8937]" started-at="2022-02-05T13:59:54 IST" name="logoutFacebook" finished-at="2022-02-05T13:59:54 IST" duration-ms="0" status="SKIP">
          <reporter-output>
          </reporter-output>
        </test-method> <!-- logoutFacebook -->
        <test-method is-config="true" signature="clearObject()[pri:0, instance:TestNG.VerifyFacebookHeader2@741a8937]" started-at="2022-02-05T13:59:54 IST" name="clearObject" finished-at="2022-02-05T13:59:54 IST" duration-ms="0" status="SKIP">
          <reporter-output>
          </reporter-output>
        </test-method> <!-- clearObject -->
        <test-method is-config="true" signature="closedBrowser()[pri:0, instance:TestNG.VerifyFacebookHeader2@741a8937]" started-at="2022-02-05T13:59:54 IST" name="closedBrowser" finished-at="2022-02-05T13:59:54 IST" duration-ms="0" status="SKIP">
          <reporter-output>
          </reporter-output>
        </test-method> <!-- closedBrowser -->
      </class> <!-- TestNG.VerifyFacebookHeader2 -->
    </test> <!-- chromeTest -->
    <test started-at="2022-02-05T13:59:47 IST" name="FirefoxTest" finished-at="2022-02-05T14:01:00 IST" duration-ms="72278">
      <class name="TestNG.VerifyFacebookHeader2">
        <test-method is-config="true" signature="launchBrowser(java.lang.String)[pri:0, instance:TestNG.VerifyFacebookHeader2@59505b48]" started-at="2022-02-05T13:59:47 IST" name="launchBrowser" finished-at="2022-02-05T14:00:09 IST" duration-ms="21539" status="PASS">
          <params>
            <param index="0">
              <value>
                <![CDATA[firefox]]>
              </value>
            </param>
          </params>
          <reporter-output>
          </reporter-output>
        </test-method> <!-- launchBrowser -->
        <test-method is-config="true" signature="pomclass()[pri:0, instance:TestNG.VerifyFacebookHeader2@59505b48]" started-at="2022-02-05T14:00:09 IST" name="pomclass" finished-at="2022-02-05T14:00:09 IST" duration-ms="104" status="PASS">
          <reporter-output>
          </reporter-output>
        </test-method> <!-- pomclass -->
        <test-method is-config="true" signature="loginFacebook()[pri:0, instance:TestNG.VerifyFacebookHeader2@59505b48]" started-at="2022-02-05T14:00:09 IST" name="loginFacebook" finished-at="2022-02-05T14:00:24 IST" duration-ms="15052" status="PASS">
          <reporter-output>
          </reporter-output>
        </test-method> <!-- loginFacebook -->
        <test-method signature="toVerifyGroups()[pri:0, instance:TestNG.VerifyFacebookHeader2@59505b48]" started-at="2022-02-05T14:00:24 IST" name="toVerifyGroups" finished-at="2022-02-05T14:00:25 IST" duration-ms="819" status="PASS">
          <reporter-output>
          </reporter-output>
        </test-method> <!-- toVerifyGroups -->
        <test-method is-config="true" signature="logoutFacebook()[pri:0, instance:TestNG.VerifyFacebookHeader2@59505b48]" started-at="2022-02-05T14:00:25 IST" name="logoutFacebook" finished-at="2022-02-05T14:00:33 IST" duration-ms="8082" status="PASS">
          <reporter-output>
          </reporter-output>
        </test-method> <!-- logoutFacebook -->
        <test-method is-config="true" signature="loginFacebook()[pri:0, instance:TestNG.VerifyFacebookHeader2@59505b48]" started-at="2022-02-05T14:00:33 IST" name="loginFacebook" finished-at="2022-02-05T14:00:42 IST" duration-ms="9167" status="PASS">
          <reporter-output>
          </reporter-output>
        </test-method> <!-- loginFacebook -->
        <test-method signature="toVerifyMarketplace()[pri:0, instance:TestNG.VerifyFacebookHeader2@59505b48]" started-at="2022-02-05T14:00:42 IST" name="toVerifyMarketplace" finished-at="2022-02-05T14:00:43 IST" duration-ms="1347" status="PASS">
          <reporter-output>
          </reporter-output>
        </test-method> <!-- toVerifyMarketplace -->
        <test-method is-config="true" signature="logoutFacebook()[pri:0, instance:TestNG.VerifyFacebookHeader2@59505b48]" started-at="2022-02-05T14:00:43 IST" name="logoutFacebook" finished-at="2022-02-05T14:00:55 IST" duration-ms="11586" status="PASS">
          <reporter-output>
          </reporter-output>
        </test-method> <!-- logoutFacebook -->
        <test-method is-config="true" signature="clearObject()[pri:0, instance:TestNG.VerifyFacebookHeader2@59505b48]" started-at="2022-02-05T14:00:55 IST" name="clearObject" finished-at="2022-02-05T14:00:56 IST" duration-ms="608" status="PASS">
          <reporter-output>
          </reporter-output>
        </test-method> <!-- clearObject -->
        <test-method is-config="true" signature="closedBrowser()[pri:0, instance:TestNG.VerifyFacebookHeader2@59505b48]" started-at="2022-02-05T14:00:56 IST" name="closedBrowser" finished-at="2022-02-05T14:01:00 IST" duration-ms="3940" status="PASS">
          <reporter-output>
          </reporter-output>
        </test-method> <!-- closedBrowser -->
      </class> <!-- TestNG.VerifyFacebookHeader2 -->
    </test> <!-- FirefoxTest -->
  </suite> <!-- Suite1 -->
</testng-results>
