<?xml version="1.0" encoding="UTF-8"?>
<!-- Generated by org.testng.reporters.JUnitXMLReporter -->
<testsuite ignored="1" hostname="DESKTOP-O9J57UV" failures="0" tests="2" name="Default test" time="0.304" errors="0" timestamp="2022-02-03T13:03:02 IST">
  <testcase classname="TestNG.VerifyFacebookHeader2" name="@BeforeTest launchBrowser" time="-1.643873581693E9">
    <failure type="org.testng.TestNGException" message="
Parameter &amp;apos;browser&amp;apos; is required by BeforeTest on method launchBrowser but has not been marked @Optional or defined
in C:\Users\ADMIN\AppData\Local\Temp\testng-eclipse-1899657414\testng-customsuite.xml">
      <![CDATA[org.testng.TestNGException: 
Parameter 'browser' is required by BeforeTest on method launchBrowser but has not been marked @Optional or defined
in C:\Users\ADMIN\AppData\Local\Temp\testng-eclipse-1899657414\testng-customsuite.xml
at org.testng.internal.Parameters.createParams(Parameters.java:267)
at org.testng.internal.Parameters.createParametersForMethod(Parameters.java:355)
at org.testng.internal.Parameters.createParameters(Parameters.java:660)
at org.testng.internal.Parameters.createConfigurationParameters(Parameters.java:166)
at org.testng.internal.invokers.ConfigInvoker.invokeConfigurations(ConfigInvoker.java:300)
at org.testng.TestRunner.invokeTestConfigurations(TestRunner.java:645)
at org.testng.TestRunner.beforeRun(TestRunner.java:634)
at org.testng.TestRunner.run(TestRunner.java:596)
at org.testng.SuiteRunner.runTest(SuiteRunner.java:429)
at org.testng.SuiteRunner.runSequentially(SuiteRunner.java:423)
at org.testng.SuiteRunner.privateRun(SuiteRunner.java:383)
at org.testng.SuiteRunner.run(SuiteRunner.java:326)
at org.testng.SuiteRunnerWorker.runSuite(SuiteRunnerWorker.java:52)
at org.testng.SuiteRunnerWorker.run(SuiteRunnerWorker.java:95)
at org.testng.TestNG.runSuitesSequentially(TestNG.java:1249)
at org.testng.TestNG.runSuitesLocally(TestNG.java:1169)
at org.testng.TestNG.runSuites(TestNG.java:1092)
at org.testng.TestNG.run(TestNG.java:1060)
at org.testng.remote.AbstractRemoteTestNG.run(AbstractRemoteTestNG.java:115)
at org.testng.remote.RemoteTestNG.initAndRun(RemoteTestNG.java:251)
at org.testng.remote.RemoteTestNG.main(RemoteTestNG.java:77)
]]>
    </failure>
  </testcase> <!-- @BeforeTest launchBrowser -->
  <testcase classname="TestNG.VerifyFacebookHeader2" name="@BeforeClass pomclass" time="0.0">
    <skipped/>
  </testcase> <!-- @BeforeClass pomclass -->
  <testcase classname="TestNG.VerifyFacebookHeader2" name="@BeforeMethod loginFacebook" time="0.0">
    <skipped/>
  </testcase> <!-- @BeforeMethod loginFacebook -->
  <testcase classname="TestNG.VerifyFacebookHeader2" name="@AfterMethod logoutFacebook" time="0.0">
    <skipped/>
  </testcase> <!-- @AfterMethod logoutFacebook -->
  <testcase classname="TestNG.VerifyFacebookHeader2" name="@BeforeMethod loginFacebook" time="0.0">
    <skipped/>
  </testcase> <!-- @BeforeMethod loginFacebook -->
  <testcase classname="TestNG.VerifyFacebookHeader2" name="@AfterMethod logoutFacebook" time="0.0">
    <skipped/>
  </testcase> <!-- @AfterMethod logoutFacebook -->
  <testcase classname="TestNG.VerifyFacebookHeader2" name="@AfterClass clearObject" time="0.0">
    <skipped/>
  </testcase> <!-- @AfterClass clearObject -->
  <testcase classname="TestNG.VerifyFacebookHeader2" name="@AfterTest closedBrowser" time="0.0">
    <skipped/>
  </testcase> <!-- @AfterTest closedBrowser -->
  <testcase classname="TestNG.VerifyFacebookHeader2" name="toVerifyGroups" time="0.0">
    <skipped/>
  </testcase> <!-- toVerifyGroups -->
  <testcase classname="TestNG.VerifyFacebookHeader2" name="toVerifyMarketplace" time="0.0">
    <skipped/>
  </testcase> <!-- toVerifyMarketplace -->
  <testcase classname="TestNG.VerifyFacebookHeader2" name="toVerifyWatch" time="0.0">
    <ignored/>
  </testcase> <!-- toVerifyWatch -->
</testsuite> <!-- Default test -->
